<?xml version="1.0" encoding="utf-8"?><testsuites><testsuite name="pytest" errors="0" failures="0" skipped="0" tests="22" time="7.831" timestamp="2026-05-17T14:40:10.734815" hostname="Sameasurs"><testcase classname="tests.test_api" name="test_health_returns_200" time="0.367" /><testcase classname="tests.test_api" name="test_health_returns_ok" time="0.008" /><testcase classname="tests.test_api" name="test_predict_returns_200" time="0.145" /><testcase classname="tests.test_api" name="test_predict_returns_label" time="0.005" /><testcase classname="tests.test_api" name="test_predict_returns_probabilities" time="0.005" /><testcase classname="tests.test_api" name="test_predict_rejects_missing_text" time="0.005" /><testcase classname="tests.test_data" name="test_clean_text_lowercases" time="0.001" /><testcase classname="tests.test_data" name="test_clean_text_removes_special_chars" time="0.000" /><testcase classname="tests.test_data" name="test_clean_text_strips_extra_spaces" time="0.000" /><testcase classname="tests.test_data" name="test_clean_text_empty_string" time="0.000" /><testcase classname="tests.test_data" name="test_preprocess_filters_unknown_tags" time="0.005" /><testcase classname="tests.test_data" name="test_preprocess_creates_text_column" time="0.004" /><testcase classname="tests.test_data" name="test_preprocess_drops_nulls" time="0.003" /><testcase classname="tests.test_data" name="test_preprocess_returns_only_accepted_tags" time="0.003" /><testcase classname="tests.test_data" name="test_split_data_sizes" time="0.006" /><testcase classname="tests.test_data" name="test_split_data_no_overlap" time="0.006" /><testcase classname="tests.test_data" name="test_split_data_reproducible" time="0.007" /><testcase classname="tests.test_models" name="test_model_output_shape" time="0.005" /><testcase classname="tests.test_models" name="test_model_output_is_not_nan" time="0.002" /><testcase classname="tests.test_models" name="test_model_softmax_sums_to_one" time="0.003" /><testcase classname="tests.test_models" name="test_model_eval_mode_no_grad" time="0.001" /><testcase classname="tests.test_models" name="test_model_different_seeds_give_different_weights" time="0.003" /></testsuite></testsuites>